<?xml version="1.0" encoding="UTF-8"?>
<testsuite xmlns:xsi="http://www.w3.org/2001/XMLSchema-instance" xsi:noNamespaceSchemaLocation="https://maven.apache.org/surefire/maven-surefire-plugin/xsd/surefire-test-report.xsd" name="StudentTest" time="0.709" tests="12" errors="0" skipped="0" failures="4">
  <properties>
[...]
</properties>
  <testcase name="testGroupMinValue" classname="StudentTest" time="0.308"/>
  <testcase name="testGroupMaxValuePlus1" classname="StudentTest" time="0.081">
    <failure message="If the group is higher than max value, the student should NOT be added ==&gt; expected: &lt;0&gt; but was: &lt;1&gt;" type="org.opentest4j.AssertionFailedError"><![CDATA[org.opentest4j.AssertionFailedError: If the group is higher than max value, the student should NOT be added ==> expected: <0> but was: <1>
	at StudentTest.testGroupMaxValuePlus1(StudentTest.java:115)
]]></failure>
    <system-out><![CDATA[Entitatea nu este valida! 

]]></system-out>
  </testcase>
  <testcase name="testNameNotEmpty" classname="StudentTest" time="0.037"/>
  <testcase name="testGroupMaxValue" classname="StudentTest" time="0.034"/>
  <testcase name="testIdUnique" classname="StudentTest" time="0.027"/>
  <testcase name="testGroupMinValuePlus1" classname="StudentTest" time="0.022"/>
  <testcase name="testIdNotUnique" classname="StudentTest" time="0.019"/>
  <testcase name="testGroupMaxValueMinus1" classname="StudentTest" time="0.038"/>
  <testcase name="testIdEmpty" classname="StudentTest" time="0.029">
    <failure message="If the id is empty the student should NOT be added ==&gt; expected: &lt;0&gt; but was: &lt;1&gt;" type="org.opentest4j.AssertionFailedError"><![CDATA[org.opentest4j.AssertionFailedError: If the id is empty the student should NOT be added ==> expected: <0> but was: <1>
	at StudentTest.testIdEmpty(StudentTest.java:67)
]]></failure>
    <system-out><![CDATA[Entitatea nu este valida! 

]]></system-out>
  </testcase>
  <testcase name="testIdNotEmpty" classname="StudentTest" time="0.023"/>
  <testcase name="testGroupMinValueMinus1" classname="StudentTest" time="0.029">
    <failure message="If the group is lower than min value, the student should NOT be added ==&gt; expected: &lt;0&gt; but was: &lt;1&gt;" type="org.opentest4j.AssertionFailedError"><![CDATA[org.opentest4j.AssertionFailedError: If the group is lower than min value, the student should NOT be added ==> expected: <0> but was: <1>
	at StudentTest.testGroupMinValueMinus1(StudentTest.java:85)
]]></failure>
    <system-out><![CDATA[Entitatea nu este valida! 

]]></system-out>
  </testcase>
  <testcase name="testNameEmpty" classname="StudentTest" time="0.028">
    <failure message="If the name is empty the student should NOT be added ==&gt; expected: &lt;0&gt; but was: &lt;1&gt;" type="org.opentest4j.AssertionFailedError"><![CDATA[org.opentest4j.AssertionFailedError: If the name is empty the student should NOT be added ==> expected: <0> but was: <1>
	at StudentTest.testNameEmpty(StudentTest.java:79)
]]></failure>
    <system-out><![CDATA[Entitatea nu este valida! 

]]></system-out>
  </testcase>
</testsuite>